2024-09-11 23:20:02:202 [35mhttp[39m: GET /logs/logs 404 1681 - 10.023 ms
2024-09-11 23:20:29:2029 [35mhttp[39m: GET /logs 404 1681 - 8.541 ms
2024-09-11 23:20:53:2053 [35mhttp[39m: GET /dashboard/logs 404 1292 - 4.375 ms
2024-09-11 23:25:21:2521 [35mhttp[39m: GET /dashboard/logs 404 1292 - 1.024 ms
2024-09-11 23:28:01:281 [35mhttp[39m: GET / 404 1681 - 8.657 ms
2024-09-11 23:28:16:2816 [35mhttp[39m: GET / 404 1650 - 4.029 ms
2024-09-11 23:28:17:2817 [35mhttp[39m: GET / 404 1650 - 2.014 ms
2024-09-11 23:28:28:2828 [35mhttp[39m: GET / 404 1650 - 4.050 ms
2024-09-11 23:28:55:2855 [35mhttp[39m: GET /logs 404 1650 - 1.893 ms
2024-09-11 23:29:20:2920 [35mhttp[39m: GET /logs 404 1681 - 8.549 ms
2024-09-11 23:32:28:3228 [35mhttp[39m: GET /logs 404 1681 - 10.266 ms
2024-09-11 23:36:27:3627 [35mhttp[39m: GET /dashboard 304 - - 21.342 ms
2024-09-11 23:39:29:3929 [35mhttp[39m: GET /logs 404 1650 - 7.062 ms
2024-09-11 23:52:18:5218 [35mhttp[39m: GET /dashboard 304 - - 49.902 ms
2024-09-11 23:52:21:5221 [35mhttp[39m: GET /products? 304 - - 7.117 ms
2024-09-11 23:52:22:5222 [35mhttp[39m: GET /products? 304 - - 1.628 ms
2024-09-11 23:52:23:5223 [35mhttp[39m: GET /expenses 304 - - 6.073 ms
2024-09-12 00:03:56:356 [35mhttp[39m: GET /expenses 304 - - 34.818 ms
2024-09-12 00:04:04:44 [35mhttp[39m: GET /dashboard 304 - - 11.537 ms
2024-09-12 00:06:56:656 [35mhttp[39m: GET /products? 304 - - 29.535 ms
2024-09-12 00:06:58:658 [35mhttp[39m: GET /products? 304 - - 2.066 ms
2024-09-12 00:07:05:75 [35mhttp[39m: GET /products? 304 - - 2.635 ms
2024-09-12 00:07:08:78 [35mhttp[39m: GET /products? 304 - - 2.780 ms
2024-09-12 00:07:10:710 [35mhttp[39m: GET /dashboard 304 - - 13.722 ms
2024-09-12 00:07:18:718 [35mhttp[39m: GET /expenses 304 - - 7.019 ms
2024-09-12 00:07:33:733 [35mhttp[39m: GET /expenses 304 - - 2.811 ms
2024-09-12 00:07:38:738 [35mhttp[39m: GET /products? 304 - - 2.530 ms
2024-09-12 00:07:39:739 [35mhttp[39m: GET /products? 304 - - 2.218 ms
2024-09-12 00:07:41:741 [35mhttp[39m: GET /dashboard 304 - - 3.922 ms
2024-09-12 00:12:11:1211 [35mhttp[39m: GET /dashboard 304 - - 21.368 ms
2024-09-12 00:12:18:1218 [35mhttp[39m: GET /users 304 - - 6.263 ms
2024-09-12 00:12:22:1222 [35mhttp[39m: GET /expenses 304 - - 5.741 ms
2024-09-12 00:12:32:1232 [35mhttp[39m: GET /products? 304 - - 6.226 ms
2024-09-12 00:12:33:1233 [35mhttp[39m: GET /products? 304 - - 1.879 ms
